<?xml version="1.0" encoding="UTF-8"?>
<!-- Generated by org.testng.reporters.JUnitReportReporter -->
<testsuite skipped="0" hostname="IN-7D0QVP3" name="tests.LoginPageTest" tests="2" failures="0" timestamp="2023-05-11T17:59:04 IST" time="37.009" errors="0">
  <testcase name="userSignUpScenario" time="20.467" classname="tests.LoginPageTest"/>
  <system-out/>
  <testcase name="userLoggedInScenario" time="16.542" classname="tests.LoginPageTest"/>
  <system-out/>
</testsuite> <!-- tests.LoginPageTest -->
