<?xml version="1.0" encoding="UTF-8"?>
<!-- Generated by org.testng.reporters.JUnitReportReporter -->
<testsuite skipped="0" hostname="IN-7D0QVP3" name="tests.GuestUserOrderingTest" tests="1" failures="0" timestamp="2023-05-11T17:59:04 IST" time="50.904" errors="0">
  <testcase name="testGuestUserOrdering" time="50.904" classname="tests.GuestUserOrderingTest"/>
  <system-out/>
</testsuite> <!-- tests.GuestUserOrderingTest -->
