<?xml version="1.0" encoding="UTF-8"?>
<!-- Generated by org.testng.reporters.JUnitReportReporter -->
<testsuite skipped="0" hostname="IN-7D0QVP3" name="tests.HomePageTest" tests="2" failures="0" timestamp="2023-05-11T17:59:04 IST" time="25.024" errors="0">
  <testcase name="verifyShopNewYogaButton" time="14.598" classname="tests.HomePageTest"/>
  <system-out/>
  <testcase name="verifySignInLink" time="10.426" classname="tests.HomePageTest"/>
  <system-out/>
</testsuite> <!-- tests.HomePageTest -->
