<?xml version="1.0" encoding="UTF-8"?>
<!-- Generated by org.testng.reporters.JUnitReportReporter -->
<testsuite skipped="0" hostname="IN-7D0QVP3" name="tests.WomensItemsOrderingTest" tests="3" failures="0" timestamp="2023-05-11T17:59:04 IST" time="183.698" errors="0">
  <testcase name="testWomenJacketsOrdering" time="60.515" classname="tests.WomensItemsOrderingTest"/>
  <system-out/>
  <testcase name="testWomenJacketsOrdering" time="62.064" classname="tests.WomensItemsOrderingTest"/>
  <system-out/>
  <testcase name="testWomenJacketsOrdering" time="61.119" classname="tests.WomensItemsOrderingTest"/>
  <system-out/>
</testsuite> <!-- tests.WomensItemsOrderingTest -->
