<?xml version="1.0" encoding="UTF-8"?>
<!-- Generated by org.testng.reporters.JUnitReportReporter -->
<testsuite skipped="0" hostname="IN-7D0QVP3" name="tests.CartPageValidationTest" tests="1" failures="0" timestamp="2023-05-11T17:59:04 IST" time="20.059" errors="0">
  <testcase name="emptyCartValidation" time="20.059" classname="tests.CartPageValidationTest"/>
  <system-out/>
</testsuite> <!-- tests.CartPageValidationTest -->
