<?xml version="1.0" encoding="UTF-8"?>
<testsuite xmlns:xsi="http://www.w3.org/2001/XMLSchema-instance" xsi:noNamespaceSchemaLocation="https://maven.apache.org/surefire/maven-surefire-plugin/xsd/surefire-test-report-3.0.xsd" version="3.0" name="TestSuite" time="385.183" tests="10" errors="0" skipped="0" failures="0">
  <properties>
    <property name="sun.desktop" value="windows"/>
    <property name="awt.toolkit" value="sun.awt.windows.WToolkit"/>
    <property name="file.encoding.pkg" value="sun.io"/>
    <property name="java.specification.version" value="1.8"/>
    <property name="sun.cpu.isalist" value="amd64"/>
    <property name="sun.jnu.encoding" value="Cp1252"/>
    <property name="java.class.path" value="C:\Users\prashantchauhan\eclipse-workspace\SeleniumTestAutomation\target\test-classes;C:\Users\prashantchauhan\eclipse-workspace\SeleniumTestAutomation\target\classes;C:\Users\prashantchauhan\.m2\repository\org\testng\testng\7.4.0\testng-7.4.0.jar;C:\Users\prashantchauhan\.m2\repository\com\beust\jcommander\1.78\jcommander-1.78.jar;C:\Users\prashantchauhan\.m2\repository\org\webjars\jquery\3.5.1\jquery-3.5.1.jar;C:\Users\prashantchauhan\.m2\repository\org\seleniumhq\selenium\selenium-java\4.8.3\selenium-java-4.8.3.jar;C:\Users\prashantchauhan\.m2\repository\org\seleniumhq\selenium\selenium-api\4.8.3\selenium-api-4.8.3.jar;C:\Users\prashantchauhan\.m2\repository\org\seleniumhq\selenium\selenium-devtools-v109\4.8.3\selenium-devtools-v109-4.8.3.jar;C:\Users\prashantchauhan\.m2\repository\org\seleniumhq\selenium\selenium-devtools-v110\4.8.3\selenium-devtools-v110-4.8.3.jar;C:\Users\prashantchauhan\.m2\repository\org\seleniumhq\selenium\selenium-devtools-v111\4.8.3\selenium-devtools-v111-4.8.3.jar;C:\Users\prashantchauhan\.m2\repository\org\seleniumhq\selenium\selenium-devtools-v85\4.8.3\selenium-devtools-v85-4.8.3.jar;C:\Users\prashantchauhan\.m2\repository\org\seleniumhq\selenium\selenium-edge-driver\4.8.3\selenium-edge-driver-4.8.3.jar;C:\Users\prashantchauhan\.m2\repository\org\seleniumhq\selenium\selenium-remote-driver\4.8.3\selenium-remote-driver-4.8.3.jar;C:\Users\prashantchauhan\.m2\repository\io\netty\netty-buffer\4.1.90.Final\netty-buffer-4.1.90.Final.jar;C:\Users\prashantchauhan\.m2\repository\io\netty\netty-codec-http\4.1.90.Final\netty-codec-http-4.1.90.Final.jar;C:\Users\prashantchauhan\.m2\repository\io\netty\netty-codec\4.1.90.Final\netty-codec-4.1.90.Final.jar;C:\Users\prashantchauhan\.m2\repository\io\netty\netty-handler\4.1.90.Final\netty-handler-4.1.90.Final.jar;C:\Users\prashantchauhan\.m2\repository\io\netty\netty-common\4.1.90.Final\netty-common-4.1.90.Final.jar;C:\Users\prashantchauhan\.m2\repository\io\netty\netty-transport-classes-epoll\4.1.90.Final\netty-transport-classes-epoll-4.1.90.Final.jar;C:\Users\prashantchauhan\.m2\repository\io\netty\netty-transport-classes-kqueue\4.1.90.Final\netty-transport-classes-kqueue-4.1.90.Final.jar;C:\Users\prashantchauhan\.m2\repository\io\netty\netty-transport-native-epoll\4.1.90.Final\netty-transport-native-epoll-4.1.90.Final.jar;C:\Users\prashantchauhan\.m2\repository\io\netty\netty-transport-native-kqueue\4.1.90.Final\netty-transport-native-kqueue-4.1.90.Final.jar;C:\Users\prashantchauhan\.m2\repository\io\netty\netty-transport-native-unix-common\4.1.90.Final\netty-transport-native-unix-common-4.1.90.Final.jar;C:\Users\prashantchauhan\.m2\repository\io\netty\netty-transport\4.1.90.Final\netty-transport-4.1.90.Final.jar;C:\Users\prashantchauhan\.m2\repository\io\netty\netty-resolver\4.1.90.Final\netty-resolver-4.1.90.Final.jar;C:\Users\prashantchauhan\.m2\repository\io\opentelemetry\opentelemetry-api\1.24.0\opentelemetry-api-1.24.0.jar;C:\Users\prashantchauhan\.m2\repository\io\opentelemetry\opentelemetry-context\1.24.0\opentelemetry-context-1.24.0.jar;C:\Users\prashantchauhan\.m2\repository\io\opentelemetry\opentelemetry-exporter-logging\1.24.0\opentelemetry-exporter-logging-1.24.0.jar;C:\Users\prashantchauhan\.m2\repository\io\opentelemetry\opentelemetry-sdk-metrics\1.24.0\opentelemetry-sdk-metrics-1.24.0.jar;C:\Users\prashantchauhan\.m2\repository\io\opentelemetry\opentelemetry-sdk-logs\1.24.0-alpha\opentelemetry-sdk-logs-1.24.0-alpha.jar;C:\Users\prashantchauhan\.m2\repository\io\opentelemetry\opentelemetry-api-logs\1.24.0-alpha\opentelemetry-api-logs-1.24.0-alpha.jar;C:\Users\prashantchauhan\.m2\repository\io\opentelemetry\opentelemetry-api-events\1.24.0-alpha\opentelemetry-api-events-1.24.0-alpha.jar;C:\Users\prashantchauhan\.m2\repository\io\opentelemetry\opentelemetry-sdk-common\1.24.0\opentelemetry-sdk-common-1.24.0.jar;C:\Users\prashantchauhan\.m2\repository\io\opentelemetry\opentelemetry-sdk-extension-autoconfigure-spi\1.24.0\opentelemetry-sdk-extension-autoconfigure-spi-1.24.0.jar;C:\Users\prashantchauhan\.m2\repository\io\opentelemetry\opentelemetry-sdk-extension-autoconfigure\1.24.0-alpha\opentelemetry-sdk-extension-autoconfigure-1.24.0-alpha.jar;C:\Users\prashantchauhan\.m2\repository\io\opentelemetry\opentelemetry-sdk-trace\1.24.0\opentelemetry-sdk-trace-1.24.0.jar;C:\Users\prashantchauhan\.m2\repository\io\opentelemetry\opentelemetry-sdk\1.24.0\opentelemetry-sdk-1.24.0.jar;C:\Users\prashantchauhan\.m2\repository\io\opentelemetry\opentelemetry-semconv\1.24.0-alpha\opentelemetry-semconv-1.24.0-alpha.jar;C:\Users\prashantchauhan\.m2\repository\io\ous\jtoml\2.0.0\jtoml-2.0.0.jar;C:\Users\prashantchauhan\.m2\repository\net\bytebuddy\byte-buddy\1.14.2\byte-buddy-1.14.2.jar;C:\Users\prashantchauhan\.m2\repository\org\apache\commons\commons-exec\1.3\commons-exec-1.3.jar;C:\Users\prashantchauhan\.m2\repository\org\asynchttpclient\async-http-client\2.12.3\async-http-client-2.12.3.jar;C:\Users\prashantchauhan\.m2\repository\org\asynchttpclient\async-http-client-netty-utils\2.12.3\async-http-client-netty-utils-2.12.3.jar;C:\Users\prashantchauhan\.m2\repository\io\netty\netty-codec-socks\4.1.60.Final\netty-codec-socks-4.1.60.Final.jar;C:\Users\prashantchauhan\.m2\repository\io\netty\netty-handler-proxy\4.1.60.Final\netty-handler-proxy-4.1.60.Final.jar;C:\Users\prashantchauhan\.m2\repository\io\netty\netty-transport-native-epoll\4.1.60.Final\netty-transport-native-epoll-4.1.60.Final-linux-x86_64.jar;C:\Users\prashantchauhan\.m2\repository\io\netty\netty-transport-native-kqueue\4.1.60.Final\netty-transport-native-kqueue-4.1.60.Final-osx-x86_64.jar;C:\Users\prashantchauhan\.m2\repository\com\typesafe\netty\netty-reactive-streams\2.0.4\netty-reactive-streams-2.0.4.jar;C:\Users\prashantchauhan\.m2\repository\com\sun\activation\jakarta.activation\1.2.2\jakarta.activation-1.2.2.jar;C:\Users\prashantchauhan\.m2\repository\org\seleniumhq\selenium\selenium-safari-driver\4.8.3\selenium-safari-driver-4.8.3.jar;C:\Users\prashantchauhan\.m2\repository\org\seleniumhq\selenium\selenium-support\4.8.3\selenium-support-4.8.3.jar;C:\Users\prashantchauhan\.m2\repository\org\seleniumhq\selenium\selenium-ie-driver\4.8.3\selenium-ie-driver-4.8.3.jar;C:\Users\prashantchauhan\.m2\repository\com\google\auto\service\auto-service-annotations\1.0.1\auto-service-annotations-1.0.1.jar;C:\Users\prashantchauhan\.m2\repository\com\google\auto\service\auto-service\1.0.1\auto-service-1.0.1.jar;C:\Users\prashantchauhan\.m2\repository\com\google\auto\auto-common\1.2\auto-common-1.2.jar;C:\Users\prashantchauhan\.m2\repository\org\seleniumhq\selenium\selenium-manager\4.8.3\selenium-manager-4.8.3.jar;C:\Users\prashantchauhan\.m2\repository\org\seleniumhq\selenium\selenium-firefox-driver\4.8.3\selenium-firefox-driver-4.8.3.jar;C:\Users\prashantchauhan\.m2\repository\com\google\guava\guava\31.1-jre\guava-31.1-jre.jar;C:\Users\prashantchauhan\.m2\repository\com\google\guava\failureaccess\1.0.1\failureaccess-1.0.1.jar;C:\Users\prashantchauhan\.m2\repository\com\google\guava\listenablefuture\9999.0-empty-to-avoid-conflict-with-guava\listenablefuture-9999.0-empty-to-avoid-conflict-with-guava.jar;C:\Users\prashantchauhan\.m2\repository\com\google\code\findbugs\jsr305\3.0.2\jsr305-3.0.2.jar;C:\Users\prashantchauhan\.m2\repository\org\checkerframework\checker-qual\3.12.0\checker-qual-3.12.0.jar;C:\Users\prashantchauhan\.m2\repository\com\google\errorprone\error_prone_annotations\2.11.0\error_prone_annotations-2.11.0.jar;C:\Users\prashantchauhan\.m2\repository\com\google\j2objc\j2objc-annotations\1.3\j2objc-annotations-1.3.jar;C:\Users\prashantchauhan\.m2\repository\org\seleniumhq\selenium\selenium-http\4.8.3\selenium-http-4.8.3.jar;C:\Users\prashantchauhan\.m2\repository\dev\failsafe\failsafe\3.3.1\failsafe-3.3.1.jar;C:\Users\prashantchauhan\.m2\repository\org\seleniumhq\selenium\selenium-json\4.8.3\selenium-json-4.8.3.jar;C:\Users\prashantchauhan\.m2\repository\org\seleniumhq\selenium\selenium-chrome-driver\4.8.3\selenium-chrome-driver-4.8.3.jar;C:\Users\prashantchauhan\.m2\repository\org\seleniumhq\selenium\selenium-chromium-driver\4.8.3\selenium-chromium-driver-4.8.3.jar;C:\Users\prashantchauhan\.m2\repository\com\aventstack\extentreports\5.0.9\extentreports-5.0.9.jar;C:\Users\prashantchauhan\.m2\repository\io\reactivex\rxjava3\rxjava\3.0.4\rxjava-3.0.4.jar;C:\Users\prashantchauhan\.m2\repository\org\reactivestreams\reactive-streams\1.0.3\reactive-streams-1.0.3.jar;C:\Users\prashantchauhan\.m2\repository\org\freemarker\freemarker\2.3.30\freemarker-2.3.30.jar;C:\Users\prashantchauhan\.m2\repository\org\projectlombok\lombok\1.18.12\lombok-1.18.12.jar;C:\Users\prashantchauhan\.m2\repository\com\google\code\gson\gson\2.8.6\gson-2.8.6.jar;C:\Users\prashantchauhan\.m2\repository\log4j\log4j\1.2.17\log4j-1.2.17.jar;C:\Users\prashantchauhan\.m2\repository\io\github\bonigarcia\webdrivermanager\5.3.2\webdrivermanager-5.3.2.jar;C:\Users\prashantchauhan\.m2\repository\org\slf4j\slf4j-api\2.0.6\slf4j-api-2.0.6.jar;C:\Users\prashantchauhan\.m2\repository\com\github\docker-java\docker-java\3.2.14\docker-java-3.2.14.jar;C:\Users\prashantchauhan\.m2\repository\com\github\docker-java\docker-java-core\3.2.14\docker-java-core-3.2.14.jar;C:\Users\prashantchauhan\.m2\repository\com\github\docker-java\docker-java-api\3.2.14\docker-java-api-3.2.14.jar;C:\Users\prashantchauhan\.m2\repository\com\fasterxml\jackson\core\jackson-annotations\2.10.3\jackson-annotations-2.10.3.jar;C:\Users\prashantchauhan\.m2\repository\commons-io\commons-io\2.6\commons-io-2.6.jar;C:\Users\prashantchauhan\.m2\repository\com\fasterxml\jackson\core\jackson-databind\2.10.3\jackson-databind-2.10.3.jar;C:\Users\prashantchauhan\.m2\repository\com\fasterxml\jackson\core\jackson-core\2.10.3\jackson-core-2.10.3.jar;C:\Users\prashantchauhan\.m2\repository\org\bouncycastle\bcpkix-jdk15on\1.64\bcpkix-jdk15on-1.64.jar;C:\Users\prashantchauhan\.m2\repository\org\bouncycastle\bcprov-jdk15on\1.64\bcprov-jdk15on-1.64.jar;C:\Users\prashantchauhan\.m2\repository\org\slf4j\jcl-over-slf4j\1.7.30\jcl-over-slf4j-1.7.30.jar;C:\Users\prashantchauhan\.m2\repository\com\github\docker-java\docker-java-transport-httpclient5\3.2.14\docker-java-transport-httpclient5-3.2.14.jar;C:\Users\prashantchauhan\.m2\repository\com\github\docker-java\docker-java-transport\3.2.14\docker-java-transport-3.2.14.jar;C:\Users\prashantchauhan\.m2\repository\net\java\dev\jna\jna\5.12.1\jna-5.12.1.jar;C:\Users\prashantchauhan\.m2\repository\org\brotli\dec\0.1.2\dec-0.1.2.jar;C:\Users\prashantchauhan\.m2\repository\org\apache\commons\commons-lang3\3.12.0\commons-lang3-3.12.0.jar;C:\Users\prashantchauhan\.m2\repository\org\apache\httpcomponents\client5\httpclient5\5.2.1\httpclient5-5.2.1.jar;C:\Users\prashantchauhan\.m2\repository\org\apache\httpcomponents\core5\httpcore5\5.2\httpcore5-5.2.jar;C:\Users\prashantchauhan\.m2\repository\org\apache\httpcomponents\core5\httpcore5-h2\5.2\httpcore5-h2-5.2.jar;C:\Users\prashantchauhan\.m2\repository\org\apache\poi\poi\4.1.2\poi-4.1.2.jar;C:\Users\prashantchauhan\.m2\repository\commons-codec\commons-codec\1.13\commons-codec-1.13.jar;C:\Users\prashantchauhan\.m2\repository\org\apache\commons\commons-collections4\4.4\commons-collections4-4.4.jar;C:\Users\prashantchauhan\.m2\repository\org\apache\commons\commons-math3\3.6.1\commons-math3-3.6.1.jar;C:\Users\prashantchauhan\.m2\repository\com\zaxxer\SparseBitSet\1.2\SparseBitSet-1.2.jar;C:\Users\prashantchauhan\.m2\repository\org\apache\poi\poi-ooxml\4.1.2\poi-ooxml-4.1.2.jar;C:\Users\prashantchauhan\.m2\repository\org\apache\poi\poi-ooxml-schemas\4.1.2\poi-ooxml-schemas-4.1.2.jar;C:\Users\prashantchauhan\.m2\repository\org\apache\xmlbeans\xmlbeans\3.1.0\xmlbeans-3.1.0.jar;C:\Users\prashantchauhan\.m2\repository\org\apache\commons\commons-compress\1.19\commons-compress-1.19.jar;C:\Users\prashantchauhan\.m2\repository\com\github\virtuald\curvesapi\1.06\curvesapi-1.06.jar;"/>
    <property name="sun.awt.enableExtraMouseButtons" value="true"/>
    <property name="java.vm.vendor" value="Oracle Corporation"/>
    <property name="sun.arch.data.model" value="64"/>
    <property name="user.variant" value=""/>
    <property name="java.vendor.url" value="http://java.oracle.com/"/>
    <property name="user.timezone" value="Asia/Calcutta"/>
    <property name="java.vm.specification.version" value="1.8"/>
    <property name="os.name" value="Windows 10"/>
    <property name="webdriver.chrome.silentOutput" value="true"/>
    <property name="user.country" value="IN"/>
    <property name="sun.java.launcher" value="SUN_STANDARD"/>
    <property name="sun.boot.library.path" value="C:\Program Files\Java\jdk1.8.0_202\jre\bin"/>
    <property name="sun.java.command" value="C:\Users\prashantchauhan\AppData\Local\Temp\surefire4593631432958705033\surefirebooter-20230511175238566_3.jar C:\Users\prashantchauhan\AppData\Local\Temp\surefire4593631432958705033 2023-05-11T17-52-38_274-jvmRun1 surefire-20230511175238566_1tmp surefire_0-20230511175238566_2tmp"/>
    <property name="surefire.test.class.path" value="C:\Users\prashantchauhan\eclipse-workspace\SeleniumTestAutomation\target\test-classes;C:\Users\prashantchauhan\eclipse-workspace\SeleniumTestAutomation\target\classes;C:\Users\prashantchauhan\.m2\repository\org\testng\testng\7.4.0\testng-7.4.0.jar;C:\Users\prashantchauhan\.m2\repository\com\beust\jcommander\1.78\jcommander-1.78.jar;C:\Users\prashantchauhan\.m2\repository\org\webjars\jquery\3.5.1\jquery-3.5.1.jar;C:\Users\prashantchauhan\.m2\repository\org\seleniumhq\selenium\selenium-java\4.8.3\selenium-java-4.8.3.jar;C:\Users\prashantchauhan\.m2\repository\org\seleniumhq\selenium\selenium-api\4.8.3\selenium-api-4.8.3.jar;C:\Users\prashantchauhan\.m2\repository\org\seleniumhq\selenium\selenium-devtools-v109\4.8.3\selenium-devtools-v109-4.8.3.jar;C:\Users\prashantchauhan\.m2\repository\org\seleniumhq\selenium\selenium-devtools-v110\4.8.3\selenium-devtools-v110-4.8.3.jar;C:\Users\prashantchauhan\.m2\repository\org\seleniumhq\selenium\selenium-devtools-v111\4.8.3\selenium-devtools-v111-4.8.3.jar;C:\Users\prashantchauhan\.m2\repository\org\seleniumhq\selenium\selenium-devtools-v85\4.8.3\selenium-devtools-v85-4.8.3.jar;C:\Users\prashantchauhan\.m2\repository\org\seleniumhq\selenium\selenium-edge-driver\4.8.3\selenium-edge-driver-4.8.3.jar;C:\Users\prashantchauhan\.m2\repository\org\seleniumhq\selenium\selenium-remote-driver\4.8.3\selenium-remote-driver-4.8.3.jar;C:\Users\prashantchauhan\.m2\repository\io\netty\netty-buffer\4.1.90.Final\netty-buffer-4.1.90.Final.jar;C:\Users\prashantchauhan\.m2\repository\io\netty\netty-codec-http\4.1.90.Final\netty-codec-http-4.1.90.Final.jar;C:\Users\prashantchauhan\.m2\repository\io\netty\netty-codec\4.1.90.Final\netty-codec-4.1.90.Final.jar;C:\Users\prashantchauhan\.m2\repository\io\netty\netty-handler\4.1.90.Final\netty-handler-4.1.90.Final.jar;C:\Users\prashantchauhan\.m2\repository\io\netty\netty-common\4.1.90.Final\netty-common-4.1.90.Final.jar;C:\Users\prashantchauhan\.m2\repository\io\netty\netty-transport-classes-epoll\4.1.90.Final\netty-transport-classes-epoll-4.1.90.Final.jar;C:\Users\prashantchauhan\.m2\repository\io\netty\netty-transport-classes-kqueue\4.1.90.Final\netty-transport-classes-kqueue-4.1.90.Final.jar;C:\Users\prashantchauhan\.m2\repository\io\netty\netty-transport-native-epoll\4.1.90.Final\netty-transport-native-epoll-4.1.90.Final.jar;C:\Users\prashantchauhan\.m2\repository\io\netty\netty-transport-native-kqueue\4.1.90.Final\netty-transport-native-kqueue-4.1.90.Final.jar;C:\Users\prashantchauhan\.m2\repository\io\netty\netty-transport-native-unix-common\4.1.90.Final\netty-transport-native-unix-common-4.1.90.Final.jar;C:\Users\prashantchauhan\.m2\repository\io\netty\netty-transport\4.1.90.Final\netty-transport-4.1.90.Final.jar;C:\Users\prashantchauhan\.m2\repository\io\netty\netty-resolver\4.1.90.Final\netty-resolver-4.1.90.Final.jar;C:\Users\prashantchauhan\.m2\repository\io\opentelemetry\opentelemetry-api\1.24.0\opentelemetry-api-1.24.0.jar;C:\Users\prashantchauhan\.m2\repository\io\opentelemetry\opentelemetry-context\1.24.0\opentelemetry-context-1.24.0.jar;C:\Users\prashantchauhan\.m2\repository\io\opentelemetry\opentelemetry-exporter-logging\1.24.0\opentelemetry-exporter-logging-1.24.0.jar;C:\Users\prashantchauhan\.m2\repository\io\opentelemetry\opentelemetry-sdk-metrics\1.24.0\opentelemetry-sdk-metrics-1.24.0.jar;C:\Users\prashantchauhan\.m2\repository\io\opentelemetry\opentelemetry-sdk-logs\1.24.0-alpha\opentelemetry-sdk-logs-1.24.0-alpha.jar;C:\Users\prashantchauhan\.m2\repository\io\opentelemetry\opentelemetry-api-logs\1.24.0-alpha\opentelemetry-api-logs-1.24.0-alpha.jar;C:\Users\prashantchauhan\.m2\repository\io\opentelemetry\opentelemetry-api-events\1.24.0-alpha\opentelemetry-api-events-1.24.0-alpha.jar;C:\Users\prashantchauhan\.m2\repository\io\opentelemetry\opentelemetry-sdk-common\1.24.0\opentelemetry-sdk-common-1.24.0.jar;C:\Users\prashantchauhan\.m2\repository\io\opentelemetry\opentelemetry-sdk-extension-autoconfigure-spi\1.24.0\opentelemetry-sdk-extension-autoconfigure-spi-1.24.0.jar;C:\Users\prashantchauhan\.m2\repository\io\opentelemetry\opentelemetry-sdk-extension-autoconfigure\1.24.0-alpha\opentelemetry-sdk-extension-autoconfigure-1.24.0-alpha.jar;C:\Users\prashantchauhan\.m2\repository\io\opentelemetry\opentelemetry-sdk-trace\1.24.0\opentelemetry-sdk-trace-1.24.0.jar;C:\Users\prashantchauhan\.m2\repository\io\opentelemetry\opentelemetry-sdk\1.24.0\opentelemetry-sdk-1.24.0.jar;C:\Users\prashantchauhan\.m2\repository\io\opentelemetry\opentelemetry-semconv\1.24.0-alpha\opentelemetry-semconv-1.24.0-alpha.jar;C:\Users\prashantchauhan\.m2\repository\io\ous\jtoml\2.0.0\jtoml-2.0.0.jar;C:\Users\prashantchauhan\.m2\repository\net\bytebuddy\byte-buddy\1.14.2\byte-buddy-1.14.2.jar;C:\Users\prashantchauhan\.m2\repository\org\apache\commons\commons-exec\1.3\commons-exec-1.3.jar;C:\Users\prashantchauhan\.m2\repository\org\asynchttpclient\async-http-client\2.12.3\async-http-client-2.12.3.jar;C:\Users\prashantchauhan\.m2\repository\org\asynchttpclient\async-http-client-netty-utils\2.12.3\async-http-client-netty-utils-2.12.3.jar;C:\Users\prashantchauhan\.m2\repository\io\netty\netty-codec-socks\4.1.60.Final\netty-codec-socks-4.1.60.Final.jar;C:\Users\prashantchauhan\.m2\repository\io\netty\netty-handler-proxy\4.1.60.Final\netty-handler-proxy-4.1.60.Final.jar;C:\Users\prashantchauhan\.m2\repository\io\netty\netty-transport-native-epoll\4.1.60.Final\netty-transport-native-epoll-4.1.60.Final-linux-x86_64.jar;C:\Users\prashantchauhan\.m2\repository\io\netty\netty-transport-native-kqueue\4.1.60.Final\netty-transport-native-kqueue-4.1.60.Final-osx-x86_64.jar;C:\Users\prashantchauhan\.m2\repository\com\typesafe\netty\netty-reactive-streams\2.0.4\netty-reactive-streams-2.0.4.jar;C:\Users\prashantchauhan\.m2\repository\com\sun\activation\jakarta.activation\1.2.2\jakarta.activation-1.2.2.jar;C:\Users\prashantchauhan\.m2\repository\org\seleniumhq\selenium\selenium-safari-driver\4.8.3\selenium-safari-driver-4.8.3.jar;C:\Users\prashantchauhan\.m2\repository\org\seleniumhq\selenium\selenium-support\4.8.3\selenium-support-4.8.3.jar;C:\Users\prashantchauhan\.m2\repository\org\seleniumhq\selenium\selenium-ie-driver\4.8.3\selenium-ie-driver-4.8.3.jar;C:\Users\prashantchauhan\.m2\repository\com\google\auto\service\auto-service-annotations\1.0.1\auto-service-annotations-1.0.1.jar;C:\Users\prashantchauhan\.m2\repository\com\google\auto\service\auto-service\1.0.1\auto-service-1.0.1.jar;C:\Users\prashantchauhan\.m2\repository\com\google\auto\auto-common\1.2\auto-common-1.2.jar;C:\Users\prashantchauhan\.m2\repository\org\seleniumhq\selenium\selenium-manager\4.8.3\selenium-manager-4.8.3.jar;C:\Users\prashantchauhan\.m2\repository\org\seleniumhq\selenium\selenium-firefox-driver\4.8.3\selenium-firefox-driver-4.8.3.jar;C:\Users\prashantchauhan\.m2\repository\com\google\guava\guava\31.1-jre\guava-31.1-jre.jar;C:\Users\prashantchauhan\.m2\repository\com\google\guava\failureaccess\1.0.1\failureaccess-1.0.1.jar;C:\Users\prashantchauhan\.m2\repository\com\google\guava\listenablefuture\9999.0-empty-to-avoid-conflict-with-guava\listenablefuture-9999.0-empty-to-avoid-conflict-with-guava.jar;C:\Users\prashantchauhan\.m2\repository\com\google\code\findbugs\jsr305\3.0.2\jsr305-3.0.2.jar;C:\Users\prashantchauhan\.m2\repository\org\checkerframework\checker-qual\3.12.0\checker-qual-3.12.0.jar;C:\Users\prashantchauhan\.m2\repository\com\google\errorprone\error_prone_annotations\2.11.0\error_prone_annotations-2.11.0.jar;C:\Users\prashantchauhan\.m2\repository\com\google\j2objc\j2objc-annotations\1.3\j2objc-annotations-1.3.jar;C:\Users\prashantchauhan\.m2\repository\org\seleniumhq\selenium\selenium-http\4.8.3\selenium-http-4.8.3.jar;C:\Users\prashantchauhan\.m2\repository\dev\failsafe\failsafe\3.3.1\failsafe-3.3.1.jar;C:\Users\prashantchauhan\.m2\repository\org\seleniumhq\selenium\selenium-json\4.8.3\selenium-json-4.8.3.jar;C:\Users\prashantchauhan\.m2\repository\org\seleniumhq\selenium\selenium-chrome-driver\4.8.3\selenium-chrome-driver-4.8.3.jar;C:\Users\prashantchauhan\.m2\repository\org\seleniumhq\selenium\selenium-chromium-driver\4.8.3\selenium-chromium-driver-4.8.3.jar;C:\Users\prashantchauhan\.m2\repository\com\aventstack\extentreports\5.0.9\extentreports-5.0.9.jar;C:\Users\prashantchauhan\.m2\repository\io\reactivex\rxjava3\rxjava\3.0.4\rxjava-3.0.4.jar;C:\Users\prashantchauhan\.m2\repository\org\reactivestreams\reactive-streams\1.0.3\reactive-streams-1.0.3.jar;C:\Users\prashantchauhan\.m2\repository\org\freemarker\freemarker\2.3.30\freemarker-2.3.30.jar;C:\Users\prashantchauhan\.m2\repository\org\projectlombok\lombok\1.18.12\lombok-1.18.12.jar;C:\Users\prashantchauhan\.m2\repository\com\google\code\gson\gson\2.8.6\gson-2.8.6.jar;C:\Users\prashantchauhan\.m2\repository\log4j\log4j\1.2.17\log4j-1.2.17.jar;C:\Users\prashantchauhan\.m2\repository\io\github\bonigarcia\webdrivermanager\5.3.2\webdrivermanager-5.3.2.jar;C:\Users\prashantchauhan\.m2\repository\org\slf4j\slf4j-api\2.0.6\slf4j-api-2.0.6.jar;C:\Users\prashantchauhan\.m2\repository\com\github\docker-java\docker-java\3.2.14\docker-java-3.2.14.jar;C:\Users\prashantchauhan\.m2\repository\com\github\docker-java\docker-java-core\3.2.14\docker-java-core-3.2.14.jar;C:\Users\prashantchauhan\.m2\repository\com\github\docker-java\docker-java-api\3.2.14\docker-java-api-3.2.14.jar;C:\Users\prashantchauhan\.m2\repository\com\fasterxml\jackson\core\jackson-annotations\2.10.3\jackson-annotations-2.10.3.jar;C:\Users\prashantchauhan\.m2\repository\commons-io\commons-io\2.6\commons-io-2.6.jar;C:\Users\prashantchauhan\.m2\repository\com\fasterxml\jackson\core\jackson-databind\2.10.3\jackson-databind-2.10.3.jar;C:\Users\prashantchauhan\.m2\repository\com\fasterxml\jackson\core\jackson-core\2.10.3\jackson-core-2.10.3.jar;C:\Users\prashantchauhan\.m2\repository\org\bouncycastle\bcpkix-jdk15on\1.64\bcpkix-jdk15on-1.64.jar;C:\Users\prashantchauhan\.m2\repository\org\bouncycastle\bcprov-jdk15on\1.64\bcprov-jdk15on-1.64.jar;C:\Users\prashantchauhan\.m2\repository\org\slf4j\jcl-over-slf4j\1.7.30\jcl-over-slf4j-1.7.30.jar;C:\Users\prashantchauhan\.m2\repository\com\github\docker-java\docker-java-transport-httpclient5\3.2.14\docker-java-transport-httpclient5-3.2.14.jar;C:\Users\prashantchauhan\.m2\repository\com\github\docker-java\docker-java-transport\3.2.14\docker-java-transport-3.2.14.jar;C:\Users\prashantchauhan\.m2\repository\net\java\dev\jna\jna\5.12.1\jna-5.12.1.jar;C:\Users\prashantchauhan\.m2\repository\org\brotli\dec\0.1.2\dec-0.1.2.jar;C:\Users\prashantchauhan\.m2\repository\org\apache\commons\commons-lang3\3.12.0\commons-lang3-3.12.0.jar;C:\Users\prashantchauhan\.m2\repository\org\apache\httpcomponents\client5\httpclient5\5.2.1\httpclient5-5.2.1.jar;C:\Users\prashantchauhan\.m2\repository\org\apache\httpcomponents\core5\httpcore5\5.2\httpcore5-5.2.jar;C:\Users\prashantchauhan\.m2\repository\org\apache\httpcomponents\core5\httpcore5-h2\5.2\httpcore5-h2-5.2.jar;C:\Users\prashantchauhan\.m2\repository\org\apache\poi\poi\4.1.2\poi-4.1.2.jar;C:\Users\prashantchauhan\.m2\repository\commons-codec\commons-codec\1.13\commons-codec-1.13.jar;C:\Users\prashantchauhan\.m2\repository\org\apache\commons\commons-collections4\4.4\commons-collections4-4.4.jar;C:\Users\prashantchauhan\.m2\repository\org\apache\commons\commons-math3\3.6.1\commons-math3-3.6.1.jar;C:\Users\prashantchauhan\.m2\repository\com\zaxxer\SparseBitSet\1.2\SparseBitSet-1.2.jar;C:\Users\prashantchauhan\.m2\repository\org\apache\poi\poi-ooxml\4.1.2\poi-ooxml-4.1.2.jar;C:\Users\prashantchauhan\.m2\repository\org\apache\poi\poi-ooxml-schemas\4.1.2\poi-ooxml-schemas-4.1.2.jar;C:\Users\prashantchauhan\.m2\repository\org\apache\xmlbeans\xmlbeans\3.1.0\xmlbeans-3.1.0.jar;C:\Users\prashantchauhan\.m2\repository\org\apache\commons\commons-compress\1.19\commons-compress-1.19.jar;C:\Users\prashantchauhan\.m2\repository\com\github\virtuald\curvesapi\1.06\curvesapi-1.06.jar;"/>
    <property name="sun.cpu.endian" value="little"/>
    <property name="user.home" value="C:\Users\prashantchauhan"/>
    <property name="user.language" value="en"/>
    <property name="java.specification.vendor" value="Oracle Corporation"/>
    <property name="java.home" value="C:\Program Files\Java\jdk1.8.0_202\jre"/>
    <property name="basedir" value="C:\Users\prashantchauhan\eclipse-workspace\SeleniumTestAutomation"/>
    <property name="file.separator" value="\"/>
    <property name="line.separator" value="&#10;"/>
    <property name="java.vm.specification.vendor" value="Oracle Corporation"/>
    <property name="java.specification.name" value="Java Platform API Specification"/>
    <property name="java.awt.graphicsenv" value="sun.awt.Win32GraphicsEnvironment"/>
    <property name="surefire.real.class.path" value="C:\Users\prashantchauhan\AppData\Local\Temp\surefire4593631432958705033\surefirebooter-20230511175238566_3.jar"/>
    <property name="myTestNGFile" value="normalExecution.xml"/>
    <property name="sun.boot.class.path" value="C:\Program Files\Java\jdk1.8.0_202\jre\lib\resources.jar;C:\Program Files\Java\jdk1.8.0_202\jre\lib\rt.jar;C:\Program Files\Java\jdk1.8.0_202\jre\lib\sunrsasign.jar;C:\Program Files\Java\jdk1.8.0_202\jre\lib\jsse.jar;C:\Program Files\Java\jdk1.8.0_202\jre\lib\jce.jar;C:\Program Files\Java\jdk1.8.0_202\jre\lib\charsets.jar;C:\Program Files\Java\jdk1.8.0_202\jre\lib\jfr.jar;C:\Program Files\Java\jdk1.8.0_202\jre\classes"/>
    <property name="user.script" value=""/>
    <property name="sun.management.compiler" value="HotSpot 64-Bit Tiered Compilers"/>
    <property name="java.runtime.version" value="1.8.0_202-b08"/>
    <property name="user.name" value="prashantchauhan"/>
    <property name="path.separator" value=";"/>
    <property name="os.version" value="10.0"/>
    <property name="java.endorsed.dirs" value="C:\Program Files\Java\jdk1.8.0_202\jre\lib\endorsed"/>
    <property name="java.runtime.name" value="Java(TM) SE Runtime Environment"/>
    <property name="file.encoding" value="Cp1252"/>
    <property name="java.vm.name" value="Java HotSpot(TM) 64-Bit Server VM"/>
    <property name="localRepository" value="C:\Users\prashantchauhan\.m2\repository"/>
    <property name="java.vendor.url.bug" value="http://bugreport.sun.com/bugreport/"/>
    <property name="java.io.tmpdir" value="C:\Users\PRASHA~1\AppData\Local\Temp\"/>
    <property name="java.version" value="1.8.0_202"/>
    <property name="user.dir" value="C:\Users\prashantchauhan\eclipse-workspace\SeleniumTestAutomation"/>
    <property name="os.arch" value="amd64"/>
    <property name="java.vm.specification.name" value="Java Virtual Machine Specification"/>
    <property name="java.awt.printerjob" value="sun.awt.windows.WPrinterJob"/>
    <property name="sun.os.patch.level" value=""/>
    <property name="java.library.path" value="C:\Program Files\Java\jdk1.8.0_202\jre\bin;C:\Windows\Sun\Java\bin;C:\Windows\system32;C:\Windows;C:\Program Files (x86)\Common Files\Oracle\Java\javapath;C:\Ruby31-x64\bin;C:\Windows\system32;C:\Windows;C:\Windows\System32\Wbem;C:\Windows\System32\WindowsPowerShell\v1.0\;C:\Windows\System32\OpenSSH\;C:\Program Files\TortoiseSVN\bin;C:\Program Files\MySQL\MySQL Server 8.0\bin;C:\Program Files\nodejs\;C:\Prashant Files\Softwares\apache-maven-3.9.1-bin\apache-maven-3.9.1\bin;C:\Program Files\Java\jdk1.8.0_202\bin;C:\Program Files\Git\cmd;C:\Program Files\MySQL\MySQL Shell 8.0\bin\;C:\Program Files\python\Scripts\;C:\Program Files\python\;C:\Users\prashantchauhan\AppData\Local\Microsoft\WindowsApps;C:\Program Files\python\python.exe;C:\Program Files\python\Scripts;C:\Users\prashantchauhan\AppData\Roaming\npm;C:\Users\prashantchauhan\AppData\Local\GitHubDesktop\bin;."/>
    <property name="java.vm.info" value="mixed mode"/>
    <property name="java.vendor" value="Oracle Corporation"/>
    <property name="java.vm.version" value="25.202-b08"/>
    <property name="java.ext.dirs" value="C:\Program Files\Java\jdk1.8.0_202\jre\lib\ext;C:\Windows\Sun\Java\lib\ext"/>
    <property name="sun.io.unicode.encoding" value="UnicodeLittle"/>
    <property name="java.class.version" value="52.0"/>
  </properties>
  <testcase name="verifyShopNewYogaButton" classname="tests.HomePageTest" time="1.145">
    <system-out><![CDATA[log4j: reset attribute= "false".
log4j: Threshold ="null".
log4j: Level value for root is  [DEBUG].
log4j: root level set to DEBUG
log4j: Class name: [org.apache.log4j.ConsoleAppender]
log4j: Parsing layout of class: "org.apache.log4j.PatternLayout"
log4j: Setting property [conversionPattern] to [%d{yyyy-MM-dd HH:mm:ss} %-5p %c{1}:%L - %m%n].
log4j: Adding appender named [console] to category [root].
log4j: Class name: [org.apache.log4j.RollingFileAppender]
log4j: Setting property [append] to [false].
log4j: Setting property [maxFileSize] to [10MB].
log4j: Setting property [maxBackupIndex] to [10].
log4j: Setting property [file] to [C:\Users\prashantchauhan\eclipse-workspace\SeleniumTestAutomation\Log4jResult\LogStatus.log].
log4j: Parsing layout of class: "org.apache.log4j.PatternLayout"
log4j: Setting property [conversionPattern] to [%d{yyyy-MM-dd HH:mm:ss} %-5p %c{1}:%L - %m%n].
log4j: setFile called: C:\Users\prashantchauhan\eclipse-workspace\SeleniumTestAutomation\Log4jResult\LogStatus.log, false
log4j: setFile ended
log4j: Adding appender named [file] to category [root].
log4j: System property is :null
log4j: Standard DocumentBuilderFactory search succeded.
log4j: DocumentBuilderFactory is: com.sun.org.apache.xerces.internal.jaxp.DocumentBuilderFactoryImpl
log4j: debug attribute= "true".
log4j: reset attribute= "false".
log4j: Threshold ="null".
log4j: Level value for root is  [DEBUG].
log4j: root level set to DEBUG
log4j: Class name: [org.apache.log4j.ConsoleAppender]
log4j: Parsing layout of class: "org.apache.log4j.PatternLayout"
log4j: Setting property [conversionPattern] to [%d{yyyy-MM-dd HH:mm:ss} %-5p %c{1}:%L - %m%n].
log4j: Adding appender named [console] to category [root].
log4j: Class name: [org.apache.log4j.RollingFileAppender]
log4j: Setting property [append] to [false].
log4j: Setting property [maxFileSize] to [10MB].
log4j: Setting property [maxBackupIndex] to [10].
log4j: Setting property [file] to [C:\Users\prashantchauhan\eclipse-workspace\SeleniumTestAutomation\Log4jResult\LogStatus.log].
log4j: Parsing layout of class: "org.apache.log4j.PatternLayout"
log4j: Setting property [conversionPattern] to [%d{yyyy-MM-dd HH:mm:ss} %-5p %c{1}:%L - %m%n].
log4j: setFile called: C:\Users\prashantchauhan\eclipse-workspace\SeleniumTestAutomation\Log4jResult\LogStatus.log, false
log4j: setFile ended
log4j: Adding appender named [file] to category [root].
2023-05-11 17:52:39 INFO  BasePage:28 - Moving the test results in archieve folder
2023-05-11 17:52:39 INFO  BasePage:30 - Moving the screenshots in archieve folder
log4j: System property is :null
log4j: Standard DocumentBuilderFactory search succeded.
log4j: DocumentBuilderFactory is: com.sun.org.apache.xerces.internal.jaxp.DocumentBuilderFactoryImpl
log4j: debug attribute= "true".
log4j: reset attribute= "false".
log4j: Threshold ="null".
log4j: Level value for root is  [DEBUG].
log4j: root level set to DEBUG
log4j: Class name: [org.apache.log4j.ConsoleAppender]
log4j: Parsing layout of class: "org.apache.log4j.PatternLayout"
log4j: Setting property [conversionPattern] to [%d{yyyy-MM-dd HH:mm:ss} %-5p %c{1}:%L - %m%n].
log4j: Adding appender named [console] to category [root].
log4j: Class name: [org.apache.log4j.RollingFileAppender]
log4j: Setting property [append] to [false].
log4j: Setting property [maxFileSize] to [10MB].
log4j: Setting property [maxBackupIndex] to [10].
log4j: Setting property [file] to [C:\Users\prashantchauhan\eclipse-workspace\SeleniumTestAutomation\Log4jResult\LogStatus.log].
log4j: Parsing layout of class: "org.apache.log4j.PatternLayout"
log4j: Setting property [conversionPattern] to [%d{yyyy-MM-dd HH:mm:ss} %-5p %c{1}:%L - %m%n].
log4j: setFile called: C:\Users\prashantchauhan\eclipse-workspace\SeleniumTestAutomation\Log4jResult\LogStatus.log, false
log4j: setFile ended
log4j: Adding appender named [file] to category [root].
2023-05-11 17:52:39 INFO  BasePage:30 - Moving the test results in archieve folder
2023-05-11 17:52:39 INFO  BasePage:32 - Moving the screenshots in archieve folder
log4j: System property is :null
log4j: Standard DocumentBuilderFactory search succeded.
log4j: DocumentBuilderFactory is: com.sun.org.apache.xerces.internal.jaxp.DocumentBuilderFactoryImpl
log4j: debug attribute= "true".
log4j: reset attribute= "false".
log4j: Threshold ="null".
log4j: Level value for root is  [DEBUG].
log4j: root level set to DEBUG
log4j: Class name: [org.apache.log4j.ConsoleAppender]
log4j: Parsing layout of class: "org.apache.log4j.PatternLayout"
log4j: Setting property [conversionPattern] to [%d{yyyy-MM-dd HH:mm:ss} %-5p %c{1}:%L - %m%n].
log4j: Adding appender named [console] to category [root].
log4j: Class name: [org.apache.log4j.RollingFileAppender]
log4j: Setting property [append] to [false].
log4j: Setting property [maxFileSize] to [10MB].
log4j: Setting property [maxBackupIndex] to [10].
log4j: Setting property [file] to [C:\Users\prashantchauhan\eclipse-workspace\SeleniumTestAutomation\Log4jResult\LogStatus.log].
log4j: Parsing layout of class: "org.apache.log4j.PatternLayout"
log4j: Setting property [conversionPattern] to [%d{yyyy-MM-dd HH:mm:ss} %-5p %c{1}:%L - %m%n].
log4j: setFile called: C:\Users\prashantchauhan\eclipse-workspace\SeleniumTestAutomation\Log4jResult\LogStatus.log, false
log4j: setFile ended
log4j: Adding appender named [file] to category [root].
2023-05-11 17:52:39 INFO  BasePage:39 - Moving the test results in archieve folder
2023-05-11 17:52:39 INFO  BasePage:41 - Moving the screenshots in archieve folder
log4j: System property is :null
log4j: Standard DocumentBuilderFactory search succeded.
log4j: DocumentBuilderFactory is: com.sun.org.apache.xerces.internal.jaxp.DocumentBuilderFactoryImpl
log4j: debug attribute= "true".
log4j: reset attribute= "false".
log4j: Threshold ="null".
log4j: Level value for root is  [DEBUG].
log4j: root level set to DEBUG
log4j: Class name: [org.apache.log4j.ConsoleAppender]
log4j: Parsing layout of class: "org.apache.log4j.PatternLayout"
log4j: Setting property [conversionPattern] to [%d{yyyy-MM-dd HH:mm:ss} %-5p %c{1}:%L - %m%n].
log4j: Adding appender named [console] to category [root].
log4j: Class name: [org.apache.log4j.RollingFileAppender]
log4j: Setting property [append] to [false].
log4j: Setting property [maxFileSize] to [10MB].
log4j: Setting property [maxBackupIndex] to [10].
log4j: Setting property [file] to [C:\Users\prashantchauhan\eclipse-workspace\SeleniumTestAutomation\Log4jResult\LogStatus.log].
log4j: Parsing layout of class: "org.apache.log4j.PatternLayout"
log4j: Setting property [conversionPattern] to [%d{yyyy-MM-dd HH:mm:ss} %-5p %c{1}:%L - %m%n].
log4j: setFile called: C:\Users\prashantchauhan\eclipse-workspace\SeleniumTestAutomation\Log4jResult\LogStatus.log, false
log4j: setFile ended
log4j: Adding appender named [file] to category [root].
2023-05-11 17:52:39 INFO  BasePage:40 - Moving the test results in archieve folder
2023-05-11 17:52:39 INFO  BasePage:42 - Moving the screenshots in archieve folder
log4j: System property is :null
log4j: Standard DocumentBuilderFactory search succeded.
log4j: DocumentBuilderFactory is: com.sun.org.apache.xerces.internal.jaxp.DocumentBuilderFactoryImpl
log4j: debug attribute= "true".
log4j: reset attribute= "false".
log4j: Threshold ="null".
log4j: Level value for root is  [DEBUG].
log4j: root level set to DEBUG
log4j: Class name: [org.apache.log4j.ConsoleAppender]
log4j: Parsing layout of class: "org.apache.log4j.PatternLayout"
log4j: Setting property [conversionPattern] to [%d{yyyy-MM-dd HH:mm:ss} %-5p %c{1}:%L - %m%n].
log4j: Adding appender named [console] to category [root].
log4j: Class name: [org.apache.log4j.RollingFileAppender]
log4j: Setting property [append] to [false].
log4j: Setting property [maxFileSize] to [10MB].
log4j: Setting property [maxBackupIndex] to [10].
log4j: Setting property [file] to [C:\Users\prashantchauhan\eclipse-workspace\SeleniumTestAutomation\Log4jResult\LogStatus.log].
log4j: Parsing layout of class: "org.apache.log4j.PatternLayout"
log4j: Setting property [conversionPattern] to [%d{yyyy-MM-dd HH:mm:ss} %-5p %c{1}:%L - %m%n].
log4j: setFile called: C:\Users\prashantchauhan\eclipse-workspace\SeleniumTestAutomation\Log4jResult\LogStatus.log, false
log4j: setFile ended
log4j: Adding appender named [file] to category [root].
2023-05-11 17:52:39 INFO  BasePage:30 - Moving the test results in archieve folder
2023-05-11 17:52:39 INFO  BasePage:32 - Moving the screenshots in archieve folder
log4j: System property is :null
log4j: Standard DocumentBuilderFactory search succeded.
log4j: DocumentBuilderFactory is: com.sun.org.apache.xerces.internal.jaxp.DocumentBuilderFactoryImpl
log4j: debug attribute= "true".
log4j: reset attribute= "false".
log4j: Threshold ="null".
log4j: Level value for root is  [DEBUG].
log4j: root level set to DEBUG
log4j: Class name: [org.apache.log4j.ConsoleAppender]
log4j: Parsing layout of class: "org.apache.log4j.PatternLayout"
log4j: Setting property [conversionPattern] to [%d{yyyy-MM-dd HH:mm:ss} %-5p %c{1}:%L - %m%n].
log4j: Adding appender named [console] to category [root].
log4j: Class name: [org.apache.log4j.RollingFileAppender]
log4j: Setting property [append] to [false].
log4j: Setting property [maxFileSize] to [10MB].
log4j: Setting property [maxBackupIndex] to [10].
log4j: Setting property [file] to [C:\Users\prashantchauhan\eclipse-workspace\SeleniumTestAutomation\Log4jResult\LogStatus.log].
log4j: Parsing layout of class: "org.apache.log4j.PatternLayout"
log4j: Setting property [conversionPattern] to [%d{yyyy-MM-dd HH:mm:ss} %-5p %c{1}:%L - %m%n].
log4j: setFile called: C:\Users\prashantchauhan\eclipse-workspace\SeleniumTestAutomation\Log4jResult\LogStatus.log, false
log4j: setFile ended
log4j: Adding appender named [file] to category [root].
2023-05-11 17:52:39 INFO  BasePage:41 - Moving the test results in archieve folder
2023-05-11 17:52:39 INFO  BasePage:43 - Moving the screenshots in archieve folder
2023-05-11 17:52:39 INFO  BasePage:38 - Instantiated the extent reports and other stuffs
C:\Users\prashantchauhan\eclipse-workspace\SeleniumTestAutomation\Current Test Results\Thu_May_11_17_52_39_IST_2023.html
2023-05-11 17:52:39 INFO  BasePage:49 - Instantiated the extent reports and other stuffs
2023-05-11 17:52:39 INFO  BasePage:36 - Instantiated the extent reports and other stuffs
2023-05-11 17:52:39 INFO  BasePage:38 - Instantiated the extent reports and other stuffs
2023-05-11 17:52:39 INFO  BasePage:48 - Instantiated the extent reports and other stuffs
2023-05-11 17:52:39 INFO  BasePage:47 - Instantiated the extent reports and other stuffs
2023-05-11 17:52:39 INFO  BasePage:43 - Initializing the browser
2023-05-11 17:52:39 INFO  BasePage:42 - Initializing the chrome browser.
2023-05-11 17:52:42 DEBUG InternalLoggerFactory:89 - Using Log4J as the default logging framework
2023-05-11 17:52:42 DEBUG ResourceLeakDetector:129 - -Dio.netty.leakDetection.level: simple
2023-05-11 17:52:42 DEBUG ResourceLeakDetector:130 - -Dio.netty.leakDetection.targetRecords: 4
2023-05-11 17:52:42 DEBUG ResourceLeakDetectorFactory:196 - Loaded default ResourceLeakDetector: io.netty.util.ResourceLeakDetector@6cb107fd
2023-05-11 17:52:42 DEBUG PlatformDependent0:496 - -Dio.netty.noUnsafe: false
2023-05-11 17:52:42 DEBUG PlatformDependent0:1000 - Java version: 8
2023-05-11 17:52:42 DEBUG PlatformDependent0:137 - sun.misc.Unsafe.theUnsafe: available
2023-05-11 17:52:42 DEBUG PlatformDependent0:161 - sun.misc.Unsafe.copyMemory: available
2023-05-11 17:52:42 DEBUG PlatformDependent0:193 - sun.misc.Unsafe.storeFence: available
2023-05-11 17:52:42 DEBUG PlatformDependent0:236 - java.nio.Buffer.address: available
2023-05-11 17:52:42 DEBUG PlatformDependent0:307 - direct buffer constructor: available
2023-05-11 17:52:42 DEBUG PlatformDependent0:385 - java.nio.Bits.unaligned: available, true
2023-05-11 17:52:42 DEBUG PlatformDependent0:459 - jdk.internal.misc.Unsafe.allocateUninitializedArray(int): unavailable prior to Java9
2023-05-11 17:52:42 DEBUG PlatformDependent0:482 - java.nio.DirectByteBuffer.<init>(long, int): available
2023-05-11 17:52:42 DEBUG PlatformDependent:1159 - sun.misc.Unsafe: available
2023-05-11 17:52:42 DEBUG PlatformDependent:1289 - -Dio.netty.tmpdir: C:\Users\PRASHA~1\AppData\Local\Temp (java.io.tmpdir)
2023-05-11 17:52:42 DEBUG PlatformDependent:1368 - -Dio.netty.bitMode: 64 (sun.arch.data.model)
2023-05-11 17:52:42 DEBUG PlatformDependent:1119 - Platform: Windows
2023-05-11 17:52:42 DEBUG PlatformDependent:178 - -Dio.netty.maxDirectMemory: 3678404608 bytes
2023-05-11 17:52:42 DEBUG PlatformDependent:185 - -Dio.netty.uninitializedArrayAllocationThreshold: -1
2023-05-11 17:52:42 DEBUG CleanerJava6:92 - java.nio.ByteBuffer.cleaner(): available
2023-05-11 17:52:42 DEBUG PlatformDependent:205 - -Dio.netty.noPreferDirect: false
2023-05-11 17:52:42 DEBUG PlatformDependent:1010 - org.jctools-core.MpscChunkedArrayQueue: available
2023-05-11 17:52:42 DEBUG InternalThreadLocalMap:100 - -Dio.netty.threadLocalMap.stringBuilder.initialSize: 1024
2023-05-11 17:52:42 DEBUG InternalThreadLocalMap:101 - -Dio.netty.threadLocalMap.stringBuilder.maxSize: 4096
2023-05-11 17:52:42 DEBUG JdkSslContext:83 - Default protocols (JDK): [TLSv1.2, TLSv1.1, TLSv1] 
2023-05-11 17:52:42 DEBUG JdkSslContext:84 - Default cipher suites (JDK): [TLS_ECDHE_ECDSA_WITH_AES_256_GCM_SHA384, TLS_ECDHE_ECDSA_WITH_AES_128_GCM_SHA256, TLS_ECDHE_RSA_WITH_AES_128_GCM_SHA256, TLS_ECDHE_RSA_WITH_AES_256_GCM_SHA384, TLS_ECDHE_RSA_WITH_AES_128_CBC_SHA, TLS_ECDHE_RSA_WITH_AES_256_CBC_SHA, TLS_RSA_WITH_AES_128_GCM_SHA256, TLS_RSA_WITH_AES_128_CBC_SHA, TLS_RSA_WITH_AES_256_CBC_SHA]
2023-05-11 17:52:42 DEBUG GlobalEventExecutor:53 - -Dio.netty.globalEventExecutor.quietPeriodSeconds: 1
2023-05-11 17:52:43 DEBUG MultithreadEventLoopGroup:44 - -Dio.netty.eventLoopThreads: 16
2023-05-11 17:52:43 DEBUG NioEventLoop:110 - -Dio.netty.noKeySetOptimization: false
2023-05-11 17:52:43 DEBUG NioEventLoop:111 - -Dio.netty.selectorAutoRebuildThreshold: 512
2023-05-11 17:52:43 DEBUG PooledByteBufAllocator:157 - -Dio.netty.allocator.numHeapArenas: 16
2023-05-11 17:52:43 DEBUG PooledByteBufAllocator:158 - -Dio.netty.allocator.numDirectArenas: 16
2023-05-11 17:52:43 DEBUG PooledByteBufAllocator:160 - -Dio.netty.allocator.pageSize: 8192
2023-05-11 17:52:43 DEBUG PooledByteBufAllocator:165 - -Dio.netty.allocator.maxOrder: 9
2023-05-11 17:52:43 DEBUG PooledByteBufAllocator:169 - -Dio.netty.allocator.chunkSize: 4194304
2023-05-11 17:52:43 DEBUG PooledByteBufAllocator:170 - -Dio.netty.allocator.smallCacheSize: 256
2023-05-11 17:52:43 DEBUG PooledByteBufAllocator:171 - -Dio.netty.allocator.normalCacheSize: 64
2023-05-11 17:52:43 DEBUG PooledByteBufAllocator:172 - -Dio.netty.allocator.maxCachedBufferCapacity: 32768
2023-05-11 17:52:43 DEBUG PooledByteBufAllocator:173 - -Dio.netty.allocator.cacheTrimInterval: 8192
2023-05-11 17:52:43 DEBUG PooledByteBufAllocator:174 - -Dio.netty.allocator.cacheTrimIntervalMillis: 0
2023-05-11 17:52:43 DEBUG PooledByteBufAllocator:175 - -Dio.netty.allocator.useCacheForAllThreads: false
2023-05-11 17:52:43 DEBUG PooledByteBufAllocator:176 - -Dio.netty.allocator.maxCachedByteBuffersPerChunk: 1023
2023-05-11 17:52:43 DEBUG ByteBufUtil:88 - -Dio.netty.allocator.type: pooled
2023-05-11 17:52:43 DEBUG ByteBufUtil:97 - -Dio.netty.threadLocalDirectBufferSize: 0
2023-05-11 17:52:43 DEBUG ByteBufUtil:100 - -Dio.netty.maxThreadLocalCharBufferSize: 16384
2023-05-11 17:52:43 DEBUG DefaultChannelId:79 - -Dio.netty.processId: 5452 (auto-detected)
2023-05-11 17:52:43 DEBUG NetUtil:142 - -Djava.net.preferIPv4Stack: false
2023-05-11 17:52:43 DEBUG NetUtil:143 - -Djava.net.preferIPv6Addresses: false
2023-05-11 17:52:43 DEBUG NetUtilInitializations:145 - Loopback interface: lo (Software Loopback Interface 1, 127.0.0.1)
2023-05-11 17:52:43 DEBUG NetUtil:200 - Failed to get SOMAXCONN from sysctl and file \proc\sys\net\core\somaxconn. Default: 200
2023-05-11 17:52:44 DEBUG DefaultChannelId:101 - -Dio.netty.machineId: 50:84:92:ff:fe:57:2b:c8 (auto-detected)
2023-05-11 17:52:44 DEBUG AbstractByteBuf:63 - -Dio.netty.buffer.checkAccessible: true
2023-05-11 17:52:44 DEBUG AbstractByteBuf:64 - -Dio.netty.buffer.checkBounds: true
2023-05-11 17:52:44 DEBUG ResourceLeakDetectorFactory:196 - Loaded default ResourceLeakDetector: io.netty.util.ResourceLeakDetector@3b6d3987
2023-05-11 17:52:44 DEBUG Recycler:96 - -Dio.netty.recycler.maxCapacityPerThread: 4096
2023-05-11 17:52:44 DEBUG Recycler:97 - -Dio.netty.recycler.ratio: 8
2023-05-11 17:52:44 DEBUG Recycler:98 - -Dio.netty.recycler.chunkSize: 32
2023-05-11 17:52:44 DEBUG Recycler:99 - -Dio.netty.recycler.blocking: false
2023-05-11 17:52:44 DEBUG Recycler:100 - -Dio.netty.recycler.batchFastThreadLocalOnly: true
2023-05-11 17:52:44 DEBUG Brotli:38 - brotli4j not in the classpath; Brotli support will be unavailable.
2023-05-11 17:52:44 DEBUG ThreadLocalRandom:214 - -Dio.netty.initialSeedUniquifier: 0x33a8062f7681afc0
2023-05-11 17:52:45 INFO  BasePage:51 - Maximizing the chrome browser.
2023-05-11 17:52:45 INFO  BasePage:53 - Initializing the implicit wait for chrome browser.
2023-05-11 17:52:45 INFO  BasePage:45 - Navigating the application url
2023-05-11 17:52:50 INFO  BasePage:59 - Verifying Shop New Yoga Button on Home page
2023-05-11 17:52:50 ERROR BasePage:65 - Log4j: Shop New Yoga Button validation failed.
]]></system-out>
    <system-err><![CDATA[SLF4J: No SLF4J providers were found.
SLF4J: Defaulting to no-operation (NOP) logger implementation
SLF4J: See https://www.slf4j.org/codes.html#noProviders for further details.
ChromeDriver was started successfully.
May 11, 2023 5:52:45 PM org.openqa.selenium.devtools.CdpVersionFinder findNearestMatch
WARNING: Unable to find an exact match for CDP version 112, so returning the closest version found: 111
]]></system-err>
  </testcase>
  <testcase name="verifySignInLink" classname="tests.HomePageTest" time="0.994">
    <system-out><![CDATA[2023-05-11 17:52:54 INFO  BasePage:43 - Initializing the browser
2023-05-11 17:52:54 INFO  BasePage:42 - Initializing the chrome browser.
2023-05-11 17:52:55 INFO  BasePage:51 - Maximizing the chrome browser.
2023-05-11 17:52:55 INFO  BasePage:53 - Initializing the implicit wait for chrome browser.
2023-05-11 17:52:55 INFO  BasePage:45 - Navigating the application url
2023-05-11 17:53:00 INFO  BasePage:79 - Verifying signin link on Home page
2023-05-11 17:53:01 INFO  BasePage:82 - Log4j: User can observe the Signin link on Home page.
]]></system-out>
    <system-err><![CDATA[ChromeDriver was started successfully.
May 11, 2023 5:52:55 PM org.openqa.selenium.devtools.CdpVersionFinder findNearestMatch
WARNING: Unable to find an exact match for CDP version 112, so returning the closest version found: 111
]]></system-err>
  </testcase>
  <testcase name="userLoggedInScenario" classname="tests.LoginPageTest" time="7.61">
    <system-out><![CDATA[2023-05-11 17:53:04 INFO  BasePage:45 - Initializing the browser
2023-05-11 17:53:04 INFO  BasePage:42 - Initializing the chrome browser.
2023-05-11 17:53:06 INFO  BasePage:51 - Maximizing the chrome browser.
2023-05-11 17:53:06 INFO  BasePage:53 - Initializing the implicit wait for chrome browser.
2023-05-11 17:53:06 INFO  BasePage:47 - Navigating the application url
2023-05-11 17:53:10 INFO  BasePage:103 - Clicking on signin link
2023-05-11 17:53:12 INFO  BasePage:105 - Enter email address
2023-05-11 17:53:14 INFO  BasePage:107 - Enter password
2023-05-11 17:53:14 INFO  BasePage:109 - Clicking on signin button
2023-05-11 17:53:16 INFO  BasePage:111 - Verifying the welcome message
2023-05-11 17:53:17 INFO  BasePage:115 - Log4j: Observe that user is able to logged in scuccessfully.
]]></system-out>
    <system-err><![CDATA[ChromeDriver was started successfully.
May 11, 2023 5:53:06 PM org.openqa.selenium.devtools.CdpVersionFinder findNearestMatch
WARNING: Unable to find an exact match for CDP version 112, so returning the closest version found: 111
]]></system-err>
  </testcase>
  <testcase name="userSignUpScenario" classname="tests.LoginPageTest" time="10.581">
    <system-out><![CDATA[2023-05-11 17:53:21 INFO  BasePage:45 - Initializing the browser
2023-05-11 17:53:21 INFO  BasePage:42 - Initializing the chrome browser.
2023-05-11 17:53:22 INFO  BasePage:51 - Maximizing the chrome browser.
2023-05-11 17:53:22 INFO  BasePage:53 - Initializing the implicit wait for chrome browser.
2023-05-11 17:53:22 INFO  BasePage:47 - Navigating the application url
2023-05-11 17:53:28 INFO  BasePage:61 - Clicking on signup link
2023-05-11 17:53:29 INFO  BasePage:63 - Enter first name
2023-05-11 17:53:29 INFO  BasePage:65 - Enter last name
2023-05-11 17:53:29 INFO  BasePage:67 - Enter dynamic email address
2023-05-11 17:53:32 INFO  BasePage:69 - Enter password
2023-05-11 17:53:32 INFO  BasePage:71 - Confirming the password
2023-05-11 17:53:32 INFO  BasePage:73 - Clicking on create an account button
2023-05-11 17:53:38 INFO  BasePage:75 - Verifying that registration is successfully completed
2023-05-11 17:53:38 INFO  BasePage:79 - Log4j: Observe that user is able to signed up scuccessfully.
]]></system-out>
    <system-err><![CDATA[ChromeDriver was started successfully.
May 11, 2023 5:53:22 PM org.openqa.selenium.devtools.CdpVersionFinder findNearestMatch
WARNING: Unable to find an exact match for CDP version 112, so returning the closest version found: 111
]]></system-err>
  </testcase>
  <testcase name="testWomenJacketsOrdering[M, Blue, Cotton](1)" classname="tests.WomensItemsOrderingTest" time="52.881">
    <system-out><![CDATA[C:\Users\prashantchauhan\eclipse-workspace\SeleniumTestAutomationC:\Users\prashantchauhan\eclipse-workspace\SeleniumTestAutomation\Luma_Product\LumaItemsSearchData.xlsx2023-05-11 17:53:42 INFO  BasePage:54 - Initializing the browser
2023-05-11 17:53:42 INFO  BasePage:42 - Initializing the chrome browser.
2023-05-11 17:53:43 INFO  BasePage:51 - Maximizing the chrome browser.
2023-05-11 17:53:43 INFO  BasePage:53 - Initializing the implicit wait for chrome browser.
2023-05-11 17:53:43 INFO  BasePage:56 - Navigating the application url
2023-05-11 17:53:48 INFO  BasePage:74 - Clicking on women's jacket option
2023-05-11 17:53:50 INFO  BasePage:76 - Filtering the size, color and pattern
2023-05-11 17:54:00 INFO  BasePage:80 - Items adding into cart
2023-05-11 17:54:03 INFO  BasePage:82 - User going to sign in
2023-05-11 17:54:09 INFO  BasePage:87 - Open the cart section
2023-05-11 17:54:24 INFO  BasePage:90 - Checking out the item
2023-05-11 17:54:30 INFO  BasePage:94 - Placing the order
2023-05-11 17:54:35 INFO  BasePage:96 - Verifying the order has been placed
2023-05-11 17:54:40 INFO  BasePage:100 - Log4j: Order placed successfully with women item.
]]></system-out>
    <system-err><![CDATA[ChromeDriver was started successfully.
May 11, 2023 5:53:43 PM org.openqa.selenium.devtools.CdpVersionFinder findNearestMatch
WARNING: Unable to find an exact match for CDP version 112, so returning the closest version found: 111
]]></system-err>
  </testcase>
  <testcase name="testWomenJacketsOrdering[XL, Red, Fleece](2)" classname="tests.WomensItemsOrderingTest" time="52.492">
    <system-out><![CDATA[2023-05-11 17:54:43 INFO  BasePage:54 - Initializing the browser
2023-05-11 17:54:43 INFO  BasePage:42 - Initializing the chrome browser.
2023-05-11 17:54:45 INFO  BasePage:51 - Maximizing the chrome browser.
2023-05-11 17:54:45 INFO  BasePage:53 - Initializing the implicit wait for chrome browser.
2023-05-11 17:54:45 INFO  BasePage:56 - Navigating the application url
2023-05-11 17:54:50 INFO  BasePage:74 - Clicking on women's jacket option
2023-05-11 17:54:52 INFO  BasePage:76 - Filtering the size, color and pattern
2023-05-11 17:55:02 INFO  BasePage:80 - Items adding into cart
2023-05-11 17:55:05 INFO  BasePage:82 - User going to sign in
2023-05-11 17:55:12 INFO  BasePage:87 - Open the cart section
2023-05-11 17:55:26 INFO  BasePage:90 - Checking out the item
2023-05-11 17:55:32 INFO  BasePage:94 - Placing the order
2023-05-11 17:55:37 INFO  BasePage:96 - Verifying the order has been placed
2023-05-11 17:55:42 INFO  BasePage:100 - Log4j: Order placed successfully with women item.
]]></system-out>
    <system-err><![CDATA[ChromeDriver was started successfully.
May 11, 2023 5:54:45 PM org.openqa.selenium.devtools.CdpVersionFinder findNearestMatch
WARNING: Unable to find an exact match for CDP version 112, so returning the closest version found: 111
]]></system-err>
  </testcase>
  <testcase name="testWomenJacketsOrdering[L, Gray, Polyester](3)" classname="tests.WomensItemsOrderingTest" time="52.013">
    <system-out><![CDATA[2023-05-11 17:55:45 INFO  BasePage:54 - Initializing the browser
2023-05-11 17:55:45 INFO  BasePage:42 - Initializing the chrome browser.
2023-05-11 17:55:46 INFO  BasePage:51 - Maximizing the chrome browser.
2023-05-11 17:55:46 INFO  BasePage:53 - Initializing the implicit wait for chrome browser.
2023-05-11 17:55:46 INFO  BasePage:56 - Navigating the application url
2023-05-11 17:55:51 INFO  BasePage:74 - Clicking on women's jacket option
2023-05-11 17:55:53 INFO  BasePage:76 - Filtering the size, color and pattern
2023-05-11 17:56:03 INFO  BasePage:80 - Items adding into cart
2023-05-11 17:56:06 INFO  BasePage:82 - User going to sign in
2023-05-11 17:56:12 INFO  BasePage:87 - Open the cart section
2023-05-11 17:56:27 INFO  BasePage:90 - Checking out the item
2023-05-11 17:56:32 INFO  BasePage:94 - Placing the order
2023-05-11 17:56:37 INFO  BasePage:96 - Verifying the order has been placed
2023-05-11 17:56:42 INFO  BasePage:100 - Log4j: Order placed successfully with women item.
]]></system-out>
    <system-err><![CDATA[ChromeDriver was started successfully.
May 11, 2023 5:55:46 PM org.openqa.selenium.devtools.CdpVersionFinder findNearestMatch
WARNING: Unable to find an exact match for CDP version 112, so returning the closest version found: 111
]]></system-err>
  </testcase>
  <testcase name="testMenShortsOrdering[32, Black, Rayon](1)" classname="tests.MensItemsOrderingTest" time="53.474">
    <system-out><![CDATA[2023-05-11 17:56:46 INFO  BasePage:55 - Initializing the browser
2023-05-11 17:56:46 INFO  BasePage:42 - Initializing the chrome browser.
2023-05-11 17:56:47 INFO  BasePage:51 - Maximizing the chrome browser.
2023-05-11 17:56:47 INFO  BasePage:53 - Initializing the implicit wait for chrome browser.
2023-05-11 17:56:47 INFO  BasePage:57 - Navigating the application url
2023-05-11 17:56:53 INFO  BasePage:75 - Clicking on men's shorts option
2023-05-11 17:56:55 INFO  BasePage:77 - Filtering the size, color and pattern
2023-05-11 17:57:05 INFO  BasePage:81 - Items adding into cart
2023-05-11 17:57:08 INFO  BasePage:83 - User going to sign in
2023-05-11 17:57:16 INFO  BasePage:88 - Open the cart section
2023-05-11 17:57:21 INFO  BasePage:90 - Proceeding for the checkout
2023-05-11 17:57:31 INFO  BasePage:92 - Checking out the item
2023-05-11 17:57:36 INFO  BasePage:96 - Placing the order
2023-05-11 17:57:41 INFO  BasePage:98 - Verifying the order has been placed
2023-05-11 17:57:46 INFO  BasePage:102 - Log4j: Order placed successfully with men item.
]]></system-out>
    <system-err><![CDATA[ChromeDriver was started successfully.
May 11, 2023 5:56:47 PM org.openqa.selenium.devtools.CdpVersionFinder findNearestMatch
WARNING: Unable to find an exact match for CDP version 112, so returning the closest version found: 111
]]></system-err>
  </testcase>
  <testcase name="emptyCartValidation" classname="tests.CartPageValidationTest" time="11">
    <system-out><![CDATA[2023-05-11 17:57:49 INFO  BasePage:45 - Initializing the browser
2023-05-11 17:57:49 INFO  BasePage:42 - Initializing the chrome browser.
2023-05-11 17:57:50 INFO  BasePage:51 - Maximizing the chrome browser.
2023-05-11 17:57:50 INFO  BasePage:53 - Initializing the implicit wait for chrome browser.
2023-05-11 17:57:50 INFO  BasePage:47 - Navigating the application url
2023-05-11 17:57:56 INFO  BasePage:61 - Clicking on cart link
2023-05-11 17:58:01 INFO  BasePage:63 - Verifying empty cart message
2023-05-11 17:58:06 INFO  BasePage:67 - Log4j: Empty cart message shown.
]]></system-out>
    <system-err><![CDATA[ChromeDriver was started successfully.
May 11, 2023 5:57:50 PM org.openqa.selenium.devtools.CdpVersionFinder findNearestMatch
WARNING: Unable to find an exact match for CDP version 112, so returning the closest version found: 111
]]></system-err>
  </testcase>
  <testcase name="testGuestUserOrdering[32, Black, Rayon](1)" classname="tests.GuestUserOrderingTest" time="41.484">
    <system-out><![CDATA[2023-05-11 17:58:09 INFO  BasePage:56 - Initializing the browser
2023-05-11 17:58:09 INFO  BasePage:42 - Initializing the chrome browser.
2023-05-11 17:58:11 INFO  BasePage:51 - Maximizing the chrome browser.
2023-05-11 17:58:11 INFO  BasePage:53 - Initializing the implicit wait for chrome browser.
2023-05-11 17:58:11 INFO  BasePage:58 - Navigating the application url
2023-05-11 17:58:16 INFO  BasePage:77 - Clicking on Shop New Yoga button
2023-05-11 17:58:17 INFO  BasePage:79 - Filtering the size, color and pattern
2023-05-11 17:58:27 INFO  BasePage:83 - Items adding into cart
2023-05-11 17:58:31 INFO  BasePage:85 - Open the cart section
2023-05-11 17:58:36 INFO  BasePage:87 - Proceeding for the checkout
2023-05-11 17:58:45 INFO  BasePage:89 - Checking out the item
2023-05-11 17:58:47 INFO  BasePage:93 - Placing the order
2023-05-11 17:58:52 INFO  BasePage:95 - Verifying the order has been placed
2023-05-11 17:58:57 INFO  BasePage:99 - Log4j: Order placed successfully by guest user.
]]></system-out>
    <system-err><![CDATA[ChromeDriver was started successfully.
May 11, 2023 5:58:11 PM org.openqa.selenium.devtools.CdpVersionFinder findNearestMatch
WARNING: Unable to find an exact match for CDP version 112, so returning the closest version found: 111
]]></system-err>
  </testcase>
</testsuite>