<?xml version="1.0" encoding="UTF-8"?>
<!-- Generated by org.testng.reporters.JUnitReportReporter -->
<testsuite hostname="IN-7D0QVP3" failures="0" tests="1" name="tests.MenPageTest" time="48.319" errors="0" timestamp="2023-05-02T00:22:19 IST" skipped="0">
  <testcase classname="tests.MenPageTest" name="testFilter" time="48.319"/>
  <system-out/>
</testsuite> <!-- tests.MenPageTest -->
