<?xml version="1.0" encoding="UTF-8"?>
<!-- Generated by org.testng.reporters.JUnitReportReporter -->
<testsuite hostname="IN-7D0QVP3" failures="0" tests="1" name="tests.NewLumaYogaOrderingTest" time="84.085" errors="0" timestamp="2023-05-02T14:13:46 IST" skipped="0">
  <testcase classname="tests.NewLumaYogaOrderingTest" name="testMenShortsOrdering" time="84.085"/>
  <system-out/>
</testsuite> <!-- tests.NewLumaYogaOrderingTest -->
