<?xml version="1.0" encoding="UTF-8"?>
<!-- Generated by org.testng.reporters.JUnitReportReporter -->
<testsuite hostname="IN-7D0QVP3" failures="0" tests="1" name="tests.CartPageValidationTest" time="20.286" errors="0" timestamp="2023-05-02T13:09:00 IST" skipped="0">
  <testcase classname="tests.CartPageValidationTest" name="emptyCartValidation" time="20.286"/>
  <system-out/>
</testsuite> <!-- tests.CartPageValidationTest -->
