<?xml version="1.0" encoding="UTF-8"?>
<!-- Generated by org.testng.reporters.JUnitReportReporter -->
<testsuite hostname="IN-7D0QVP3" failures="0" tests="1" name="tests.GuestUserOrderingTest" time="46.915" errors="0" timestamp="2023-05-02T19:00:50 IST" skipped="0">
  <testcase classname="tests.GuestUserOrderingTest" name="testGuestUserOrdering" time="46.915"/>
  <system-out/>
</testsuite> <!-- tests.GuestUserOrderingTest -->
