<?xml version="1.0" encoding="UTF-8"?>
<!-- Generated by org.testng.reporters.JUnitReportReporter -->
<testsuite hostname="IN-7D0QVP3" failures="0" tests="1" name="tests.MensItemsOrderingTest" time="57.808" errors="0" timestamp="2023-05-02T16:41:48 IST" skipped="0">
  <testcase classname="tests.MensItemsOrderingTest" name="testMenShortsOrdering" time="57.808"/>
  <system-out/>
</testsuite> <!-- tests.MensItemsOrderingTest -->
